{"level":"info","message":"Received a request to the root endpoint","service":"aquisitions-api","timestamp":"2026-04-02T12:38:23.404Z"}
{"level":"info","message":"::1 - - [02/Apr/2026:12:38:23 +0000] \"GET / HTTP/1.1\" 304 - \"-\" \"Mozilla/5.0 (Windows NT 10.0; Win64; x64) AppleWebKit/537.36 (KHTML, like Gecko) Chrome/146.0.0.0 Safari/537.36\"","service":"aquisitions-api","timestamp":"2026-04-02T12:38:23.418Z"}
{"level":"info","message":"Received a request to the root endpoint","service":"aquisitions-api","timestamp":"2026-04-02T12:49:41.616Z"}
{"level":"info","message":"::1 - - [02/Apr/2026:12:49:41 +0000] \"GET / HTTP/1.1\" 304 - \"-\" \"Mozilla/5.0 (Windows NT 10.0; Win64; x64) AppleWebKit/537.36 (KHTML, like Gecko) Chrome/146.0.0.0 Safari/537.36\"","service":"aquisitions-api","timestamp":"2026-04-02T12:49:41.630Z"}
{"level":"info","message":"Received a request to the root endpoint","service":"aquisitions-api","timestamp":"2026-04-02T13:13:41.001Z"}
{"level":"info","message":"::1 - - [02/Apr/2026:13:13:41 +0000] \"GET / HTTP/1.1\" 200 28 \"-\" \"HTTPie\"","service":"aquisitions-api","timestamp":"2026-04-02T13:13:41.003Z"}
{"level":"info","message":"::1 - - [02/Apr/2026:13:13:55 +0000] \"GET /api HTTP/1.1\" 200 42 \"-\" \"HTTPie\"","service":"aquisitions-api","timestamp":"2026-04-02T13:13:55.482Z"}
{"level":"info","message":"::1 - - [02/Apr/2026:13:14:05 +0000] \"GET /health HTTP/1.1\" 200 76 \"-\" \"HTTPie\"","service":"aquisitions-api","timestamp":"2026-04-02T13:14:05.828Z"}
{"level":"info","message":"::1 - - [02/Apr/2026:13:14:24 +0000] \"POST /api/auth.sign-in HTTP/1.1\" 404 156 \"-\" \"HTTPie\"","service":"aquisitions-api","timestamp":"2026-04-02T13:14:24.367Z"}
{"level":"info","message":"::1 - - [02/Apr/2026:13:14:35 +0000] \"POST /api/auth/sign-in HTTP/1.1\" 200 31 \"-\" \"HTTPie\"","service":"aquisitions-api","timestamp":"2026-04-02T13:14:35.907Z"}
{"level":"info","message":"::1 - - [02/Apr/2026:13:48:08 +0000] \"POST /api/auth/sign-up HTTP/1.1\" 200 31 \"-\" \"HTTPie\"","service":"aquisitions-api","timestamp":"2026-04-02T13:48:08.219Z"}
{"level":"info","message":"::1 - - [02/Apr/2026:14:04:34 +0000] \"POST / HTTP/1.1\" 404 140 \"-\" \"HTTPie\"","service":"aquisitions-api","timestamp":"2026-04-02T14:04:34.814Z"}
{"level":"info","message":"::1 - - [02/Apr/2026:14:04:55 +0000] \"POST /api/auth/sign-up HTTP/1.1\" 200 31 \"-\" \"HTTPie\"","service":"aquisitions-api","timestamp":"2026-04-02T14:04:55.624Z"}
{"level":"info","message":"::1 - - [02/Apr/2026:14:58:21 +0000] \"POST /api/auth/sign-up HTTP/1.1\" 200 31 \"-\" \"HTTPie\"","service":"aquisitions-api","timestamp":"2026-04-02T14:58:21.678Z"}
{"level":"info","message":"::1 - - [02/Apr/2026:14:58:22 +0000] \"POST /api/auth/sign-up HTTP/1.1\" 200 31 \"-\" \"HTTPie\"","service":"aquisitions-api","timestamp":"2026-04-02T14:58:22.252Z"}
{"level":"info","message":"::1 - - [02/Apr/2026:15:07:05 +0000] \"POST /api/auth/sign-up HTTP/1.1\" 400 92 \"-\" \"HTTPie\"","service":"aquisitions-api","timestamp":"2026-04-02T15:07:05.511Z"}
{"level":"info","message":"::1 - - [02/Apr/2026:15:29:28 +0000] \"POST /api/auth/sign-up HTTP/1.1\" 400 144 \"-\" \"HTTPie\"","service":"aquisitions-api","timestamp":"2026-04-02T15:29:28.788Z"}
{"level":"info","message":"::1 - - [02/Apr/2026:15:29:33 +0000] \"POST /api/auth/sign-up HTTP/1.1\" 400 166 \"-\" \"HTTPie\"","service":"aquisitions-api","timestamp":"2026-04-02T15:29:33.735Z"}
{"level":"info","message":"User oscar with email email@oscarocana.com up with role user has signed up successfully!","service":"aquisitions-api","timestamp":"2026-04-02T15:29:51.708Z"}
{"level":"info","message":"::1 - - [02/Apr/2026:15:29:51 +0000] \"POST /api/auth/sign-up HTTP/1.1\" 201 117 \"-\" \"HTTPie\"","service":"aquisitions-api","timestamp":"2026-04-02T15:29:51.710Z"}
